<?xml version="1.0" encoding="UTF-8"?>
<!-- Generated by org.testng.reporters.JUnitReportReporter -->
<testsuite hostname="DESKTOP-C55JKVO" failures="0" tests="1" name="com.hrms.testscripts.TC002" time="23.858" errors="0" timestamp="25 Dec 2021 05:50:09 GMT">
  <testcase classname="com.hrms.testscripts.TC002" name="tc001" time="23.858"/>
</testsuite> <!-- com.hrms.testscripts.TC002 -->
